#
# A fatal error has been detected by the Java Runtime Environment:
#
#  EXCEPTION_ACCESS_VIOLATION (0xc0000005) at pc=0x000007fed03f03cb, pid=8228, tid=3964
#
# JRE version: Java(TM) SE Runtime Environment (12.0.1+12) (build 12.0.1+12)
# Java VM: Java HotSpot(TM) 64-Bit Server VM (12.0.1+12, mixed mode, sharing, tiered, compressed oops, g1 gc, windows-amd64)
# Problematic frame:
# V  [jvm.dll+0x6c03cb]
#
# No core dump will be written. Minidumps are not enabled by default on client versions of Windows
#
# If you would like to submit a bug report, please visit:
#   http://bugreport.java.com/bugreport/crash.jsp
#

---------------  S U M M A R Y ------------

Command Line: -agentlib:jdwp=transport=dt_socket,suspend=y,address=localhost:49880 -javaagent:C:\Users\JSLHRD\eclipse\java-2019-09\eclipse\configuration\org.eclipse.osgi\229\0\.cp\lib\javaagent-shaded.jar -Dfile.encoding=MS949 baseball_game.BaseballGame

Host: Intel(R) Pentium(R) CPU G4600 @ 3.60GHz, 4 cores, 11G,  Windows 7 , 64 bit Build 7601 (6.1.7601.23915)
Time: Tue Nov 12 08:55:30 2019 ¢¥eCN©öI¡¾©ö C¡ÍA¨ª¨öA elapsed time: 62810 seconds (0d 17h 26m 50s)

---------------  T H R E A D  ---------------

Current thread (0x0000000024461800):  VMThread "VM Thread" [stack: 0x00000000245f0000,0x00000000246f0000] [id=3964]

Stack: [0x00000000245f0000,0x00000000246f0000],  sp=0x00000000246eebd0,  free space=1018k
Native frames: (J=compiled Java code, j=interpreted, Vv=VM code, C=native code)
V  [jvm.dll+0x6c03cb]
V  [jvm.dll+0x34d3d3]
V  [jvm.dll+0x34f30f]
V  [jvm.dll+0x34fb6e]
V  [jvm.dll+0x34d07c]
V  [jvm.dll+0x34c2b2]
V  [jvm.dll+0x628425]
V  [jvm.dll+0x6281ad]
V  [jvm.dll+0x5ef77a]
V  [jvm.dll+0x504387]
V  [jvm.dll+0x78dccc]
V  [jvm.dll+0x791b27]
V  [jvm.dll+0x792366]
V  [jvm.dll+0x792697]
V  [jvm.dll+0x748648]
V  [jvm.dll+0x638566]
C  [ucrtbase.DLL+0x1d885]
C  [kernel32.dll+0x159cd]
C  [ntdll.dll+0x2a561]


siginfo: EXCEPTION_ACCESS_VIOLATION (0xc0000005), reading address 0x0000000000000006


Register to memory mapping:

RIP=0x000007fed03f03cb jvm.dll
RAX=0x00000000246eec60 points into unknown readable memory: 00 00 00 00 00 00 00 00
RBX=0x00000000246eec30 points into unknown readable memory: 70 e1 5c d0 fe 07 00 00
RCX=0x0 is NULL
RDX=0x0 is NULL
RSP=0x00000000246eebd0 points into unknown readable memory: 30 ec 6e 24 00 00 00 00
RBP=0x00000000246ef140 points into unknown readable memory: e8 e7 88 23 00 00 00 00
RSI=0x0 is NULL
RDI=0x0 is NULL
R8 =0x0 is NULL
R9 =0x0000000023f7be58 is pointing into metadata
R10=0x000007fecfd30000 jvm.dll
R11=0x00000000246ef090 points into unknown readable memory: 10 f1 6e 24 00 00 00 00
R12=0x000000002388e4c0 points into unknown readable memory: 00 90 60 d0 00 00 00 00
R13=0x0 is NULL
R14=0x0000000023f7c2c9 is pointing into metadata
R15=0x000000000000000d is an unknown value


Registers:
RAX=0x00000000246eec60, RBX=0x00000000246eec30, RCX=0x0000000000000000, RDX=0x0000000000000000
RSP=0x00000000246eebd0, RBP=0x00000000246ef140, RSI=0x0000000000000000, RDI=0x0000000000000000
R8 =0x0000000000000000, R9 =0x0000000023f7be58, R10=0x000007fecfd30000, R11=0x00000000246ef090
R12=0x000000002388e4c0, R13=0x0000000000000000, R14=0x0000000023f7c2c9, R15=0x000000000000000d
RIP=0x000007fed03f03cb, EFLAGS=0x0000000000010246

Top of Stack: (sp=0x00000000246eebd0)
0x00000000246eebd0:   00000000246eec30 0000000000000000
0x00000000246eebe0:   0000000000000000 0000000000000000
0x00000000246eebf0:   0000000000000001 000007fed007d3d3
0x00000000246eec00:   0000000000000000 00000000246ef2b0
0x00000000246eec10:   0000000000000000 0000000000000000
0x00000000246eec20:   0000000000000000 0000000000000000
0x00000000246eec30:   000007fed05ce170 0000000000000000
0x00000000246eec40:   0000000000000000 000007fe0000000e
0x00000000246eec50:   00000000246eec60 0000000000000000
0x00000000246eec60:   0000000000000000 00000000255a2f18
0x00000000246eec70:   000000004fffffff 00000000246ef278
0x00000000246eec80:   0000000000000000 000007fed1d86642
0x00000000246eec90:   00000000246eee10 00000000246eee38
0x00000000246eeca0:   00000000fffffffe 0000000002000002
0x00000000246eecb0:   00000000246eee10 000007fea40001a5
0x00000000246eecc0:   00000000000003f0 0000000025511318 

Instructions: (pc=0x000007fed03f03cb)
0x000007fed03f03ab:   cc cc cc cc cc 40 53 48 83 ec 20 c7 41 10 00 00
0x000007fed03f03bb:   00 00 48 8b d9 48 89 7c 24 38 48 8b 79 08 33 c9
0x000007fed03f03cb:   80 7f 06 28 74 26 44 8d 49 28 8d 51 35 48 8d 0d
0x000007fed03f03db:   01 bf 22 00 4c 8d 05 ea be 22 00 e8 65 1a ba ff 


Stack slot to memory mapping:
stack at sp + 0 slots: 0x00000000246eec30 points into unknown readable memory: 70 e1 5c d0 fe 07 00 00
stack at sp + 1 slots: 0x0 is NULL
stack at sp + 2 slots: 0x0 is NULL
stack at sp + 3 slots: 0x0 is NULL
stack at sp + 4 slots: 0x0000000000000001 is an unknown value
stack at sp + 5 slots: 0x000007fed007d3d3 jvm.dll
stack at sp + 6 slots: 0x0 is NULL
stack at sp + 7 slots: 0x00000000246ef2b0 points into unknown readable memory: 58 b4 60 d0 fe 07 00 00

VM_Operation (0x0000000025ccf2e0): GetOrSetLocal, mode: safepoint, requested by thread 0x0000000025415000


---------------  P R O C E S S  ---------------

Threads class SMR info:
_java_thread_list=0x00000000254e53f0, length=13, elements={
0x00000000003ba000, 0x0000000024465000, 0x0000000024466000, 0x0000000024480000,
0x0000000024481000, 0x0000000024482000, 0x0000000024483800, 0x0000000024485800,
0x00000000253c0800, 0x0000000025415000, 0x0000000025416000, 0x000000002541b000,
0x000000002552b000
}

Java Threads: ( => current thread )
  0x00000000003ba000 JavaThread "main" [_thread_blocked, id=9604, stack(0x0000000001fc0000,0x00000000020c0000)]
  0x0000000024465000 JavaThread "Reference Handler" daemon [_thread_blocked, id=12164, stack(0x00000000248b0000,0x00000000249b0000)]
  0x0000000024466000 JavaThread "Finalizer" daemon [_thread_blocked, id=10416, stack(0x0000000024a00000,0x0000000024b00000)]
  0x0000000024480000 JavaThread "Signal Dispatcher" daemon [_thread_blocked, id=7016, stack(0x0000000024bd0000,0x0000000024cd0000)]
  0x0000000024481000 JavaThread "Attach Listener" daemon [_thread_blocked, id=7256, stack(0x0000000024d20000,0x0000000024e20000)]
  0x0000000024482000 JavaThread "C2 CompilerThread0" daemon [_thread_blocked, id=10136, stack(0x0000000024e70000,0x0000000024f70000)]
  0x0000000024483800 JavaThread "C1 CompilerThread0" daemon [_thread_blocked, id=7520, stack(0x0000000025040000,0x0000000025140000)]
  0x0000000024485800 JavaThread "Sweeper thread" daemon [_thread_blocked, id=6972, stack(0x00000000251d0000,0x00000000252d0000)]
  0x00000000253c0800 JavaThread "Common-Cleaner" daemon [_thread_blocked, id=10040, stack(0x0000000024750000,0x0000000024850000)]
  0x0000000025415000 JavaThread "JDWP Transport Listener: dt_socket" daemon [_thread_blocked, id=8424, stack(0x0000000025bd0000,0x0000000025cd0000)] _threads_hazard_ptr=0x00000000254e53f0
  0x0000000025416000 JavaThread "JDWP Event Helper Thread" daemon [_thread_blocked, id=10260, stack(0x0000000025d50000,0x0000000025e50000)]
  0x000000002541b000 JavaThread "JDWP Command Reader" daemon [_thread_in_native, id=7856, stack(0x0000000026010000,0x0000000026110000)]
  0x000000002552b000 JavaThread "Service Thread" daemon [_thread_blocked, id=8560, stack(0x0000000025ef0000,0x0000000025ff0000)]

Other Threads:
=>0x0000000024461800 VMThread "VM Thread" [stack: 0x00000000245f0000,0x00000000246f0000] [id=3964]
  0x0000000025526800 WatcherThread [stack: 0x00000000261d0000,0x00000000262d0000] [id=964]
  0x000000000040b800 GCTaskThread "GC Thread#0" [stack: 0x00000000210e0000,0x00000000211e0000] [id=11936]
  0x000000000041f000 ConcurrentGCThread "G1 Main Marker" [stack: 0x0000000021250000,0x0000000021350000] [id=9496]
  0x0000000000420000 ConcurrentGCThread "G1 Conc#0" [stack: 0x0000000020fe0000,0x00000000210e0000] [id=10368]
  0x000000002383e800 ConcurrentGCThread "G1 Refine#0" [stack: 0x00000000238f0000,0x00000000239f0000] [id=11708]
  0x0000000023840000 ConcurrentGCThread "G1 Young RemSet Sampling" [stack: 0x0000000023a30000,0x0000000023b30000] [id=8444]

Threads with active compile tasks:

VM state:at safepoint (normal execution)

VM Mutex/Monitor currently owned by a thread:  ([mutex/lock_event])
[0x00000000003b3dd0] Threads_lock - owner thread: 0x0000000024461800

Heap address: 0x0000000744a00000, size: 2998 MB, Compressed Oops mode: Zero based, Oop shift amount: 3
Narrow klass base: 0x0000000800000000, Narrow klass shift: 3
Compressed class space size: 1073741824 Address: 0x00000008011a0000

Heap:
 garbage-first heap   total 192512K, used 4096K [0x0000000744a00000, 0x0000000800000000)
  region size 1024K, 5 young (5120K), 0 survivors (0K)
 Metaspace       used 2664K, capacity 4909K, committed 5120K, reserved 1056768K
  class space    used 251K, capacity 443K, committed 512K, reserved 1048576K
Heap Regions: E=young(eden), S=young(survivor), O=old, HS=humongous(starts), HC=humongous(continues), CS=collection set, F=free, A=archive, TAMS=top-at-mark-start (previous, next)
|   0|0x0000000744a00000, 0x0000000744a00000, 0x0000000744b00000|  0%| F|  |TAMS 0x0000000744a00000, 0x0000000744a00000| Untracked 
|   1|0x0000000744b00000, 0x0000000744b00000, 0x0000000744c00000|  0%| F|  |TAMS 0x0000000744b00000, 0x0000000744b00000| Untracked 
|   2|0x0000000744c00000, 0x0000000744c00000, 0x0000000744d00000|  0%| F|  |TAMS 0x0000000744c00000, 0x0000000744c00000| Untracked 
|   3|0x0000000744d00000, 0x0000000744d00000, 0x0000000744e00000|  0%| F|  |TAMS 0x0000000744d00000, 0x0000000744d00000| Untracked 
|   4|0x0000000744e00000, 0x0000000744e00000, 0x0000000744f00000|  0%| F|  |TAMS 0x0000000744e00000, 0x0000000744e00000| Untracked 
|   5|0x0000000744f00000, 0x0000000744f00000, 0x0000000745000000|  0%| F|  |TAMS 0x0000000744f00000, 0x0000000744f00000| Untracked 
|   6|0x0000000745000000, 0x0000000745000000, 0x0000000745100000|  0%| F|  |TAMS 0x0000000745000000, 0x0000000745000000| Untracked 
|   7|0x0000000745100000, 0x0000000745100000, 0x0000000745200000|  0%| F|  |TAMS 0x0000000745100000, 0x0000000745100000| Untracked 
|   8|0x0000000745200000, 0x0000000745200000, 0x0000000745300000|  0%| F|  |TAMS 0x0000000745200000, 0x0000000745200000| Untracked 
|   9|0x0000000745300000, 0x0000000745300000, 0x0000000745400000|  0%| F|  |TAMS 0x0000000745300000, 0x0000000745300000| Untracked 
|  10|0x0000000745400000, 0x0000000745400000, 0x0000000745500000|  0%| F|  |TAMS 0x0000000745400000, 0x0000000745400000| Untracked 
|  11|0x0000000745500000, 0x0000000745500000, 0x0000000745600000|  0%| F|  |TAMS 0x0000000745500000, 0x0000000745500000| Untracked 
|  12|0x0000000745600000, 0x0000000745600000, 0x0000000745700000|  0%| F|  |TAMS 0x0000000745600000, 0x0000000745600000| Untracked 
|  13|0x0000000745700000, 0x0000000745700000, 0x0000000745800000|  0%| F|  |TAMS 0x0000000745700000, 0x0000000745700000| Untracked 
|  14|0x0000000745800000, 0x0000000745800000, 0x0000000745900000|  0%| F|  |TAMS 0x0000000745800000, 0x0000000745800000| Untracked 
|  15|0x0000000745900000, 0x0000000745900000, 0x0000000745a00000|  0%| F|  |TAMS 0x0000000745900000, 0x0000000745900000| Untracked 
|  16|0x0000000745a00000, 0x0000000745a00000, 0x0000000745b00000|  0%| F|  |TAMS 0x0000000745a00000, 0x0000000745a00000| Untracked 
|  17|0x0000000745b00000, 0x0000000745b00000, 0x0000000745c00000|  0%| F|  |TAMS 0x0000000745b00000, 0x0000000745b00000| Untracked 
|  18|0x0000000745c00000, 0x0000000745c00000, 0x0000000745d00000|  0%| F|  |TAMS 0x0000000745c00000, 0x0000000745c00000| Untracked 
|  19|0x0000000745d00000, 0x0000000745d00000, 0x0000000745e00000|  0%| F|  |TAMS 0x0000000745d00000, 0x0000000745d00000| Untracked 
|  20|0x0000000745e00000, 0x0000000745e00000, 0x0000000745f00000|  0%| F|  |TAMS 0x0000000745e00000, 0x0000000745e00000| Untracked 
|  21|0x0000000745f00000, 0x0000000745f00000, 0x0000000746000000|  0%| F|  |TAMS 0x0000000745f00000, 0x0000000745f00000| Untracked 
|  22|0x0000000746000000, 0x0000000746000000, 0x0000000746100000|  0%| F|  |TAMS 0x0000000746000000, 0x0000000746000000| Untracked 
|  23|0x0000000746100000, 0x0000000746100000, 0x0000000746200000|  0%| F|  |TAMS 0x0000000746100000, 0x0000000746100000| Untracked 
|  24|0x0000000746200000, 0x0000000746200000, 0x0000000746300000|  0%| F|  |TAMS 0x0000000746200000, 0x0000000746200000| Untracked 
|  25|0x0000000746300000, 0x0000000746300000, 0x0000000746400000|  0%| F|  |TAMS 0x0000000746300000, 0x0000000746300000| Untracked 
|  26|0x0000000746400000, 0x0000000746400000, 0x0000000746500000|  0%| F|  |TAMS 0x0000000746400000, 0x0000000746400000| Untracked 
|  27|0x0000000746500000, 0x0000000746500000, 0x0000000746600000|  0%| F|  |TAMS 0x0000000746500000, 0x0000000746500000| Untracked 
|  28|0x0000000746600000, 0x0000000746600000, 0x0000000746700000|  0%| F|  |TAMS 0x0000000746600000, 0x0000000746600000| Untracked 
|  29|0x0000000746700000, 0x0000000746700000, 0x0000000746800000|  0%| F|  |TAMS 0x0000000746700000, 0x0000000746700000| Untracked 
|  30|0x0000000746800000, 0x0000000746800000, 0x0000000746900000|  0%| F|  |TAMS 0x0000000746800000, 0x0000000746800000| Untracked 
|  31|0x0000000746900000, 0x0000000746900000, 0x0000000746a00000|  0%| F|  |TAMS 0x0000000746900000, 0x0000000746900000| Untracked 
|  32|0x0000000746a00000, 0x0000000746a00000, 0x0000000746b00000|  0%| F|  |TAMS 0x0000000746a00000, 0x0000000746a00000| Untracked 
|  33|0x0000000746b00000, 0x0000000746b00000, 0x0000000746c00000|  0%| F|  |TAMS 0x0000000746b00000, 0x0000000746b00000| Untracked 
|  34|0x0000000746c00000, 0x0000000746c00000, 0x0000000746d00000|  0%| F|  |TAMS 0x0000000746c00000, 0x0000000746c00000| Untracked 
|  35|0x0000000746d00000, 0x0000000746d00000, 0x0000000746e00000|  0%| F|  |TAMS 0x0000000746d00000, 0x0000000746d00000| Untracked 
|  36|0x0000000746e00000, 0x0000000746e00000, 0x0000000746f00000|  0%| F|  |TAMS 0x0000000746e00000, 0x0000000746e00000| Untracked 
|  37|0x0000000746f00000, 0x0000000746f00000, 0x0000000747000000|  0%| F|  |TAMS 0x0000000746f00000, 0x0000000746f00000| Untracked 
|  38|0x0000000747000000, 0x0000000747000000, 0x0000000747100000|  0%| F|  |TAMS 0x0000000747000000, 0x0000000747000000| Untracked 
|  39|0x0000000747100000, 0x0000000747100000, 0x0000000747200000|  0%| F|  |TAMS 0x0000000747100000, 0x0000000747100000| Untracked 
|  40|0x0000000747200000, 0x0000000747200000, 0x0000000747300000|  0%| F|  |TAMS 0x0000000747200000, 0x0000000747200000| Untracked 
|  41|0x0000000747300000, 0x0000000747300000, 0x0000000747400000|  0%| F|  |TAMS 0x0000000747300000, 0x0000000747300000| Untracked 
|  42|0x0000000747400000, 0x0000000747400000, 0x0000000747500000|  0%| F|  |TAMS 0x0000000747400000, 0x0000000747400000| Untracked 
|  43|0x0000000747500000, 0x0000000747500000, 0x0000000747600000|  0%| F|  |TAMS 0x0000000747500000, 0x0000000747500000| Untracked 
|  44|0x0000000747600000, 0x0000000747600000, 0x0000000747700000|  0%| F|  |TAMS 0x0000000747600000, 0x0000000747600000| Untracked 
|  45|0x0000000747700000, 0x0000000747700000, 0x0000000747800000|  0%| F|  |TAMS 0x0000000747700000, 0x0000000747700000| Untracked 
|  46|0x0000000747800000, 0x0000000747800000, 0x0000000747900000|  0%| F|  |TAMS 0x0000000747800000, 0x0000000747800000| Untracked 
|  47|0x0000000747900000, 0x0000000747900000, 0x0000000747a00000|  0%| F|  |TAMS 0x0000000747900000, 0x0000000747900000| Untracked 
|  48|0x0000000747a00000, 0x0000000747a00000, 0x0000000747b00000|  0%| F|  |TAMS 0x0000000747a00000, 0x0000000747a00000| Untracked 
|  49|0x0000000747b00000, 0x0000000747b00000, 0x0000000747c00000|  0%| F|  |TAMS 0x0000000747b00000, 0x0000000747b00000| Untracked 
|  50|0x0000000747c00000, 0x0000000747c00000, 0x0000000747d00000|  0%| F|  |TAMS 0x0000000747c00000, 0x0000000747c00000| Untracked 
|  51|0x0000000747d00000, 0x0000000747d00000, 0x0000000747e00000|  0%| F|  |TAMS 0x0000000747d00000, 0x0000000747d00000| Untracked 
|  52|0x0000000747e00000, 0x0000000747e00000, 0x0000000747f00000|  0%| F|  |TAMS 0x0000000747e00000, 0x0000000747e00000| Untracked 
|  53|0x0000000747f00000, 0x0000000747f00000, 0x0000000748000000|  0%| F|  |TAMS 0x0000000747f00000, 0x0000000747f00000| Untracked 
|  54|0x0000000748000000, 0x0000000748000000, 0x0000000748100000|  0%| F|  |TAMS 0x0000000748000000, 0x0000000748000000| Untracked 
|  55|0x0000000748100000, 0x0000000748100000, 0x0000000748200000|  0%| F|  |TAMS 0x0000000748100000, 0x0000000748100000| Untracked 
|  56|0x0000000748200000, 0x0000000748200000, 0x0000000748300000|  0%| F|  |TAMS 0x0000000748200000, 0x0000000748200000| Untracked 
|  57|0x0000000748300000, 0x0000000748300000, 0x0000000748400000|  0%| F|  |TAMS 0x0000000748300000, 0x0000000748300000| Untracked 
|  58|0x0000000748400000, 0x0000000748400000, 0x0000000748500000|  0%| F|  |TAMS 0x0000000748400000, 0x0000000748400000| Untracked 
|  59|0x0000000748500000, 0x0000000748500000, 0x0000000748600000|  0%| F|  |TAMS 0x0000000748500000, 0x0000000748500000| Untracked 
|  60|0x0000000748600000, 0x0000000748600000, 0x0000000748700000|  0%| F|  |TAMS 0x0000000748600000, 0x0000000748600000| Untracked 
|  61|0x0000000748700000, 0x0000000748700000, 0x0000000748800000|  0%| F|  |TAMS 0x0000000748700000, 0x0000000748700000| Untracked 
|  62|0x0000000748800000, 0x0000000748800000, 0x0000000748900000|  0%| F|  |TAMS 0x0000000748800000, 0x0000000748800000| Untracked 
|  63|0x0000000748900000, 0x0000000748900000, 0x0000000748a00000|  0%| F|  |TAMS 0x0000000748900000, 0x0000000748900000| Untracked 
|  64|0x0000000748a00000, 0x0000000748a00000, 0x0000000748b00000|  0%| F|  |TAMS 0x0000000748a00000, 0x0000000748a00000| Untracked 
|  65|0x0000000748b00000, 0x0000000748b00000, 0x0000000748c00000|  0%| F|  |TAMS 0x0000000748b00000, 0x0000000748b00000| Untracked 
|  66|0x0000000748c00000, 0x0000000748c00000, 0x0000000748d00000|  0%| F|  |TAMS 0x0000000748c00000, 0x0000000748c00000| Untracked 
|  67|0x0000000748d00000, 0x0000000748d00000, 0x0000000748e00000|  0%| F|  |TAMS 0x0000000748d00000, 0x0000000748d00000| Untracked 
|  68|0x0000000748e00000, 0x0000000748e00000, 0x0000000748f00000|  0%| F|  |TAMS 0x0000000748e00000, 0x0000000748e00000| Untracked 
|  69|0x0000000748f00000, 0x0000000748f00000, 0x0000000749000000|  0%| F|  |TAMS 0x0000000748f00000, 0x0000000748f00000| Untracked 
|  70|0x0000000749000000, 0x0000000749000000, 0x0000000749100000|  0%| F|  |TAMS 0x0000000749000000, 0x0000000749000000| Untracked 
|  71|0x0000000749100000, 0x0000000749100000, 0x0000000749200000|  0%| F|  |TAMS 0x0000000749100000, 0x0000000749100000| Untracked 
|  72|0x0000000749200000, 0x0000000749200000, 0x0000000749300000|  0%| F|  |TAMS 0x0000000749200000, 0x0000000749200000| Untracked 
|  73|0x0000000749300000, 0x0000000749300000, 0x0000000749400000|  0%| F|  |TAMS 0x0000000749300000, 0x0000000749300000| Untracked 
|  74|0x0000000749400000, 0x0000000749400000, 0x0000000749500000|  0%| F|  |TAMS 0x0000000749400000, 0x0000000749400000| Untracked 
|  75|0x0000000749500000, 0x0000000749500000, 0x0000000749600000|  0%| F|  |TAMS 0x0000000749500000, 0x0000000749500000| Untracked 
|  76|0x0000000749600000, 0x0000000749600000, 0x0000000749700000|  0%| F|  |TAMS 0x0000000749600000, 0x0000000749600000| Untracked 
|  77|0x0000000749700000, 0x0000000749700000, 0x0000000749800000|  0%| F|  |TAMS 0x0000000749700000, 0x0000000749700000| Untracked 
|  78|0x0000000749800000, 0x0000000749800000, 0x0000000749900000|  0%| F|  |TAMS 0x0000000749800000, 0x0000000749800000| Untracked 
|  79|0x0000000749900000, 0x0000000749900000, 0x0000000749a00000|  0%| F|  |TAMS 0x0000000749900000, 0x0000000749900000| Untracked 
|  80|0x0000000749a00000, 0x0000000749a00000, 0x0000000749b00000|  0%| F|  |TAMS 0x0000000749a00000, 0x0000000749a00000| Untracked 
|  81|0x0000000749b00000, 0x0000000749b00000, 0x0000000749c00000|  0%| F|  |TAMS 0x0000000749b00000, 0x0000000749b00000| Untracked 
|  82|0x0000000749c00000, 0x0000000749c00000, 0x0000000749d00000|  0%| F|  |TAMS 0x0000000749c00000, 0x0000000749c00000| Untracked 
|  83|0x0000000749d00000, 0x0000000749d00000, 0x0000000749e00000|  0%| F|  |TAMS 0x0000000749d00000, 0x0000000749d00000| Untracked 
|  84|0x0000000749e00000, 0x0000000749e00000, 0x0000000749f00000|  0%| F|  |TAMS 0x0000000749e00000, 0x0000000749e00000| Untracked 
|  85|0x0000000749f00000, 0x0000000749f00000, 0x000000074a000000|  0%| F|  |TAMS 0x0000000749f00000, 0x0000000749f00000| Untracked 
|  86|0x000000074a000000, 0x000000074a000000, 0x000000074a100000|  0%| F|  |TAMS 0x000000074a000000, 0x000000074a000000| Untracked 
|  87|0x000000074a100000, 0x000000074a100000, 0x000000074a200000|  0%| F|  |TAMS 0x000000074a100000, 0x000000074a100000| Untracked 
|  88|0x000000074a200000, 0x000000074a200000, 0x000000074a300000|  0%| F|  |TAMS 0x000000074a200000, 0x000000074a200000| Untracked 
|  89|0x000000074a300000, 0x000000074a300000, 0x000000074a400000|  0%| F|  |TAMS 0x000000074a300000, 0x000000074a300000| Untracked 
|  90|0x000000074a400000, 0x000000074a400000, 0x000000074a500000|  0%| F|  |TAMS 0x000000074a400000, 0x000000074a400000| Untracked 
|  91|0x000000074a500000, 0x000000074a500000, 0x000000074a600000|  0%| F|  |TAMS 0x000000074a500000, 0x000000074a500000| Untracked 
|  92|0x000000074a600000, 0x000000074a600000, 0x000000074a700000|  0%| F|  |TAMS 0x000000074a600000, 0x000000074a600000| Untracked 
|  93|0x000000074a700000, 0x000000074a700000, 0x000000074a800000|  0%| F|  |TAMS 0x000000074a700000, 0x000000074a700000| Untracked 
|  94|0x000000074a800000, 0x000000074a800000, 0x000000074a900000|  0%| F|  |TAMS 0x000000074a800000, 0x000000074a800000| Untracked 
|  95|0x000000074a900000, 0x000000074a900000, 0x000000074aa00000|  0%| F|  |TAMS 0x000000074a900000, 0x000000074a900000| Untracked 
|  96|0x000000074aa00000, 0x000000074aa00000, 0x000000074ab00000|  0%| F|  |TAMS 0x000000074aa00000, 0x000000074aa00000| Untracked 
|  97|0x000000074ab00000, 0x000000074ab00000, 0x000000074ac00000|  0%| F|  |TAMS 0x000000074ab00000, 0x000000074ab00000| Untracked 
|  98|0x000000074ac00000, 0x000000074ac00000, 0x000000074ad00000|  0%| F|  |TAMS 0x000000074ac00000, 0x000000074ac00000| Untracked 
|  99|0x000000074ad00000, 0x000000074ad00000, 0x000000074ae00000|  0%| F|  |TAMS 0x000000074ad00000, 0x000000074ad00000| Untracked 
| 100|0x000000074ae00000, 0x000000074ae00000, 0x000000074af00000|  0%| F|  |TAMS 0x000000074ae00000, 0x000000074ae00000| Untracked 
| 101|0x000000074af00000, 0x000000074af00000, 0x000000074b000000|  0%| F|  |TAMS 0x000000074af00000, 0x000000074af00000| Untracked 
| 102|0x000000074b000000, 0x000000074b000000, 0x000000074b100000|  0%| F|  |TAMS 0x000000074b000000, 0x000000074b000000| Untracked 
| 103|0x000000074b100000, 0x000000074b100000, 0x000000074b200000|  0%| F|  |TAMS 0x000000074b100000, 0x000000074b100000| Untracked 
| 104|0x000000074b200000, 0x000000074b200000, 0x000000074b300000|  0%| F|  |TAMS 0x000000074b200000, 0x000000074b200000| Untracked 
| 105|0x000000074b300000, 0x000000074b300000, 0x000000074b400000|  0%| F|  |TAMS 0x000000074b300000, 0x000000074b300000| Untracked 
| 106|0x000000074b400000, 0x000000074b400000, 0x000000074b500000|  0%| F|  |TAMS 0x000000074b400000, 0x000000074b400000| Untracked 
| 107|0x000000074b500000, 0x000000074b500000, 0x000000074b600000|  0%| F|  |TAMS 0x000000074b500000, 0x000000074b500000| Untracked 
| 108|0x000000074b600000, 0x000000074b600000, 0x000000074b700000|  0%| F|  |TAMS 0x000000074b600000, 0x000000074b600000| Untracked 
| 109|0x000000074b700000, 0x000000074b700000, 0x000000074b800000|  0%| F|  |TAMS 0x000000074b700000, 0x000000074b700000| Untracked 
| 110|0x000000074b800000, 0x000000074b800000, 0x000000074b900000|  0%| F|  |TAMS 0x000000074b800000, 0x000000074b800000| Untracked 
| 111|0x000000074b900000, 0x000000074b900000, 0x000000074ba00000|  0%| F|  |TAMS 0x000000074b900000, 0x000000074b900000| Untracked 
| 112|0x000000074ba00000, 0x000000074ba00000, 0x000000074bb00000|  0%| F|  |TAMS 0x000000074ba00000, 0x000000074ba00000| Untracked 
| 113|0x000000074bb00000, 0x000000074bb00000, 0x000000074bc00000|  0%| F|  |TAMS 0x000000074bb00000, 0x000000074bb00000| Untracked 
| 114|0x000000074bc00000, 0x000000074bc00000, 0x000000074bd00000|  0%| F|  |TAMS 0x000000074bc00000, 0x000000074bc00000| Untracked 
| 115|0x000000074bd00000, 0x000000074bd00000, 0x000000074be00000|  0%| F|  |TAMS 0x000000074bd00000, 0x000000074bd00000| Untracked 
| 116|0x000000074be00000, 0x000000074be00000, 0x000000074bf00000|  0%| F|  |TAMS 0x000000074be00000, 0x000000074be00000| Untracked 
| 117|0x000000074bf00000, 0x000000074bf00000, 0x000000074c000000|  0%| F|  |TAMS 0x000000074bf00000, 0x000000074bf00000| Untracked 
| 118|0x000000074c000000, 0x000000074c000000, 0x000000074c100000|  0%| F|  |TAMS 0x000000074c000000, 0x000000074c000000| Untracked 
| 119|0x000000074c100000, 0x000000074c100000, 0x000000074c200000|  0%| F|  |TAMS 0x000000074c100000, 0x000000074c100000| Untracked 
| 120|0x000000074c200000, 0x000000074c200000, 0x000000074c300000|  0%| F|  |TAMS 0x000000074c200000, 0x000000074c200000| Untracked 
| 121|0x000000074c300000, 0x000000074c300000, 0x000000074c400000|  0%| F|  |TAMS 0x000000074c300000, 0x000000074c300000| Untracked 
| 122|0x000000074c400000, 0x000000074c400000, 0x000000074c500000|  0%| F|  |TAMS 0x000000074c400000, 0x000000074c400000| Untracked 
| 123|0x000000074c500000, 0x000000074c500000, 0x000000074c600000|  0%| F|  |TAMS 0x000000074c500000, 0x000000074c500000| Untracked 
| 124|0x000000074c600000, 0x000000074c600000, 0x000000074c700000|  0%| F|  |TAMS 0x000000074c600000, 0x000000074c600000| Untracked 
| 125|0x000000074c700000, 0x000000074c700000, 0x000000074c800000|  0%| F|  |TAMS 0x000000074c700000, 0x000000074c700000| Untracked 
| 126|0x000000074c800000, 0x000000074c800000, 0x000000074c900000|  0%| F|  |TAMS 0x000000074c800000, 0x000000074c800000| Untracked 
| 127|0x000000074c900000, 0x000000074c900000, 0x000000074ca00000|  0%| F|  |TAMS 0x000000074c900000, 0x000000074c900000| Untracked 
| 128|0x000000074ca00000, 0x000000074ca00000, 0x000000074cb00000|  0%| F|  |TAMS 0x000000074ca00000, 0x000000074ca00000| Untracked 
| 129|0x000000074cb00000, 0x000000074cb00000, 0x000000074cc00000|  0%| F|  |TAMS 0x000000074cb00000, 0x000000074cb00000| Untracked 
| 130|0x000000074cc00000, 0x000000074cc00000, 0x000000074cd00000|  0%| F|  |TAMS 0x000000074cc00000, 0x000000074cc00000| Untracked 
| 131|0x000000074cd00000, 0x000000074cd00000, 0x000000074ce00000|  0%| F|  |TAMS 0x000000074cd00000, 0x000000074cd00000| Untracked 
| 132|0x000000074ce00000, 0x000000074ce00000, 0x000000074cf00000|  0%| F|  |TAMS 0x000000074ce00000, 0x000000074ce00000| Untracked 
| 133|0x000000074cf00000, 0x000000074cf00000, 0x000000074d000000|  0%| F|  |TAMS 0x000000074cf00000, 0x000000074cf00000| Untracked 
| 134|0x000000074d000000, 0x000000074d000000, 0x000000074d100000|  0%| F|  |TAMS 0x000000074d000000, 0x000000074d000000| Untracked 
| 135|0x000000074d100000, 0x000000074d100000, 0x000000074d200000|  0%| F|  |TAMS 0x000000074d100000, 0x000000074d100000| Untracked 
| 136|0x000000074d200000, 0x000000074d200000, 0x000000074d300000|  0%| F|  |TAMS 0x000000074d200000, 0x000000074d200000| Untracked 
| 137|0x000000074d300000, 0x000000074d300000, 0x000000074d400000|  0%| F|  |TAMS 0x000000074d300000, 0x000000074d300000| Untracked 
| 138|0x000000074d400000, 0x000000074d400000, 0x000000074d500000|  0%| F|  |TAMS 0x000000074d400000, 0x000000074d400000| Untracked 
| 139|0x000000074d500000, 0x000000074d500000, 0x000000074d600000|  0%| F|  |TAMS 0x000000074d500000, 0x000000074d500000| Untracked 
| 140|0x000000074d600000, 0x000000074d600000, 0x000000074d700000|  0%| F|  |TAMS 0x000000074d600000, 0x000000074d600000| Untracked 
| 141|0x000000074d700000, 0x000000074d700000, 0x000000074d800000|  0%| F|  |TAMS 0x000000074d700000, 0x000000074d700000| Untracked 
| 142|0x000000074d800000, 0x000000074d800000, 0x000000074d900000|  0%| F|  |TAMS 0x000000074d800000, 0x000000074d800000| Untracked 
| 143|0x000000074d900000, 0x000000074d900000, 0x000000074da00000|  0%| F|  |TAMS 0x000000074d900000, 0x000000074d900000| Untracked 
| 144|0x000000074da00000, 0x000000074da00000, 0x000000074db00000|  0%| F|  |TAMS 0x000000074da00000, 0x000000074da00000| Untracked 
| 145|0x000000074db00000, 0x000000074db00000, 0x000000074dc00000|  0%| F|  |TAMS 0x000000074db00000, 0x000000074db00000| Untracked 
| 146|0x000000074dc00000, 0x000000074dc00000, 0x000000074dd00000|  0%| F|  |TAMS 0x000000074dc00000, 0x000000074dc00000| Untracked 
| 147|0x000000074dd00000, 0x000000074dd00000, 0x000000074de00000|  0%| F|  |TAMS 0x000000074dd00000, 0x000000074dd00000| Untracked 
| 148|0x000000074de00000, 0x000000074de00000, 0x000000074df00000|  0%| F|  |TAMS 0x000000074de00000, 0x000000074de00000| Untracked 
| 149|0x000000074df00000, 0x000000074df00000, 0x000000074e000000|  0%| F|  |TAMS 0x000000074df00000, 0x000000074df00000| Untracked 
| 150|0x000000074e000000, 0x000000074e000000, 0x000000074e100000|  0%| F|  |TAMS 0x000000074e000000, 0x000000074e000000| Untracked 
| 151|0x000000074e100000, 0x000000074e100000, 0x000000074e200000|  0%| F|  |TAMS 0x000000074e100000, 0x000000074e100000| Untracked 
| 152|0x000000074e200000, 0x000000074e200000, 0x000000074e300000|  0%| F|  |TAMS 0x000000074e200000, 0x000000074e200000| Untracked 
| 153|0x000000074e300000, 0x000000074e300000, 0x000000074e400000|  0%| F|  |TAMS 0x000000074e300000, 0x000000074e300000| Untracked 
| 154|0x000000074e400000, 0x000000074e400000, 0x000000074e500000|  0%| F|  |TAMS 0x000000074e400000, 0x000000074e400000| Untracked 
| 155|0x000000074e500000, 0x000000074e500000, 0x000000074e600000|  0%| F|  |TAMS 0x000000074e500000, 0x000000074e500000| Untracked 
| 156|0x000000074e600000, 0x000000074e600000, 0x000000074e700000|  0%| F|  |TAMS 0x000000074e600000, 0x000000074e600000| Untracked 
| 157|0x000000074e700000, 0x000000074e700000, 0x000000074e800000|  0%| F|  |TAMS 0x000000074e700000, 0x000000074e700000| Untracked 
| 158|0x000000074e800000, 0x000000074e800000, 0x000000074e900000|  0%| F|  |TAMS 0x000000074e800000, 0x000000074e800000| Untracked 
| 159|0x000000074e900000, 0x000000074e900000, 0x000000074ea00000|  0%| F|  |TAMS 0x000000074e900000, 0x000000074e900000| Untracked 
| 160|0x000000074ea00000, 0x000000074ea00000, 0x000000074eb00000|  0%| F|  |TAMS 0x000000074ea00000, 0x000000074ea00000| Untracked 
| 161|0x000000074eb00000, 0x000000074eb00000, 0x000000074ec00000|  0%| F|  |TAMS 0x000000074eb00000, 0x000000074eb00000| Untracked 
| 162|0x000000074ec00000, 0x000000074ec00000, 0x000000074ed00000|  0%| F|  |TAMS 0x000000074ec00000, 0x000000074ec00000| Untracked 
| 163|0x000000074ed00000, 0x000000074ed00000, 0x000000074ee00000|  0%| F|  |TAMS 0x000000074ed00000, 0x000000074ed00000| Untracked 
| 164|0x000000074ee00000, 0x000000074ee00000, 0x000000074ef00000|  0%| F|  |TAMS 0x000000074ee00000, 0x000000074ee00000| Untracked 
| 165|0x000000074ef00000, 0x000000074ef00000, 0x000000074f000000|  0%| F|  |TAMS 0x000000074ef00000, 0x000000074ef00000| Untracked 
| 166|0x000000074f000000, 0x000000074f000000, 0x000000074f100000|  0%| F|  |TAMS 0x000000074f000000, 0x000000074f000000| Untracked 
| 167|0x000000074f100000, 0x000000074f100000, 0x000000074f200000|  0%| F|  |TAMS 0x000000074f100000, 0x000000074f100000| Untracked 
| 168|0x000000074f200000, 0x000000074f200000, 0x000000074f300000|  0%| F|  |TAMS 0x000000074f200000, 0x000000074f200000| Untracked 
| 169|0x000000074f300000, 0x000000074f300000, 0x000000074f400000|  0%| F|  |TAMS 0x000000074f300000, 0x000000074f300000| Untracked 
| 170|0x000000074f400000, 0x000000074f400000, 0x000000074f500000|  0%| F|  |TAMS 0x000000074f400000, 0x000000074f400000| Untracked 
| 171|0x000000074f500000, 0x000000074f500000, 0x000000074f600000|  0%| F|  |TAMS 0x000000074f500000, 0x000000074f500000| Untracked 
| 172|0x000000074f600000, 0x000000074f600000, 0x000000074f700000|  0%| F|  |TAMS 0x000000074f600000, 0x000000074f600000| Untracked 
| 173|0x000000074f700000, 0x000000074f700000, 0x000000074f800000|  0%| F|  |TAMS 0x000000074f700000, 0x000000074f700000| Untracked 
| 174|0x000000074f800000, 0x000000074f800000, 0x000000074f900000|  0%| F|  |TAMS 0x000000074f800000, 0x000000074f800000| Untracked 
| 175|0x000000074f900000, 0x000000074f900000, 0x000000074fa00000|  0%| F|  |TAMS 0x000000074f900000, 0x000000074f900000| Untracked 
| 176|0x000000074fa00000, 0x000000074fa00000, 0x000000074fb00000|  0%| F|  |TAMS 0x000000074fa00000, 0x000000074fa00000| Untracked 
| 177|0x000000074fb00000, 0x000000074fb00000, 0x000000074fc00000|  0%| F|  |TAMS 0x000000074fb00000, 0x000000074fb00000| Untracked 
| 178|0x000000074fc00000, 0x000000074fc00000, 0x000000074fd00000|  0%| F|  |TAMS 0x000000074fc00000, 0x000000074fc00000| Untracked 
| 179|0x000000074fd00000, 0x000000074fd00000, 0x000000074fe00000|  0%| F|  |TAMS 0x000000074fd00000, 0x000000074fd00000| Untracked 
| 180|0x000000074fe00000, 0x000000074fe00000, 0x000000074ff00000|  0%| F|  |TAMS 0x000000074fe00000, 0x000000074fe00000| Untracked 
| 181|0x000000074ff00000, 0x000000074ff00000, 0x0000000750000000|  0%| F|  |TAMS 0x000000074ff00000, 0x000000074ff00000| Untracked 
| 182|0x0000000750000000, 0x0000000750000000, 0x0000000750100000|  0%| F|  |TAMS 0x0000000750000000, 0x0000000750000000| Untracked 
| 183|0x0000000750100000, 0x00000007501d91d0, 0x0000000750200000| 84%| E|  |TAMS 0x0000000750100000, 0x0000000750100000| Complete 
| 184|0x0000000750200000, 0x0000000750300000, 0x0000000750300000|100%| E|CS|TAMS 0x0000000750200000, 0x0000000750200000| Complete 
| 185|0x0000000750300000, 0x0000000750400000, 0x0000000750400000|100%| E|CS|TAMS 0x0000000750300000, 0x0000000750300000| Complete 
| 186|0x0000000750400000, 0x0000000750500000, 0x0000000750500000|100%| E|CS|TAMS 0x0000000750400000, 0x0000000750400000| Complete 
| 187|0x0000000750500000, 0x0000000750600000, 0x0000000750600000|100%| E|CS|TAMS 0x0000000750500000, 0x0000000750500000| Complete 

Card table byte_map: [0x000000001a5e0000,0x000000001abc0000] _byte_map_base: 0x0000000016bbb000

Marking Bits (Prev, Next): (CMBitMap*) 0x000000000040c5f8, (CMBitMap*) 0x000000000040c638
 Prev Bits: [0x000000001b1a0000, 0x000000001e078000)
 Next Bits: [0x000000001e080000, 0x0000000020f58000)

Polling page: 0x0000000000120000

Metaspace:

Usage:
  Non-class:      4.36 MB capacity,     2.36 MB ( 54%) used,     2.00 MB ( 46%) free+waste,     2.75 KB ( <1%) overhead. 
      Class:    443.00 KB capacity,   251.01 KB ( 57%) used,   190.43 KB ( 43%) free+waste,     1.56 KB ( <1%) overhead. 
       Both:      4.79 MB capacity,     2.60 MB ( 54%) used,     2.19 MB ( 46%) free+waste,     4.31 KB ( <1%) overhead. 

Virtual space:
  Non-class space:        8.00 MB reserved,       4.50 MB ( 56%) committed 
      Class space:        1.00 GB reserved,     512.00 KB ( <1%) committed 
             Both:        1.01 GB reserved,       5.00 MB ( <1%) committed 

Chunk freelists:
   Non-Class:  1.75 KB
       Class:  640 bytes
        Both:  2.38 KB

CodeHeap 'non-profiled nmethods': size=120064Kb used=118Kb max_used=118Kb free=119945Kb
 bounds [0x00000000124a0000, 0x0000000012710000, 0x00000000199e0000]
CodeHeap 'profiled nmethods': size=120000Kb used=591Kb max_used=591Kb free=119408Kb
 bounds [0x000000000af70000, 0x000000000b1e0000, 0x00000000124a0000]
CodeHeap 'non-nmethods': size=5696Kb used=1155Kb max_used=1168Kb free=4540Kb
 bounds [0x000000000a9e0000, 0x000000000ac50000, 0x000000000af70000]
 total_blobs=862 nmethods=408 adapters=275
 compilation: enabled
              stopped_count=0, restarted_count=0
 full_count=0

Compilation events (10 events):
Event: 1833.784 Thread 0x0000000024483800  401       3       org.eclipse.jdt.launching.internal.org.objectweb.asm.ByteVector::putInt (74 bytes)
Event: 1833.785 Thread 0x0000000024483800 nmethod 401 0x000000000b001510 code [0x000000000b0016e0, 0x000000000b0019d0]
Event: 3720.247 Thread 0x0000000024483800  403       3       java.lang.ref.ReferenceQueue::reallyPoll (65 bytes)
Event: 3720.247 Thread 0x0000000024483800 nmethod 403 0x000000000b001b90 code [0x000000000b001d80, 0x000000000b002338]
Event: 15240.579 Thread 0x0000000024483800  406   !   3       java.lang.ref.ReferenceQueue::remove (125 bytes)
Event: 15240.582 Thread 0x0000000024483800 nmethod 406 0x000000000b002410 code [0x000000000b002660, 0x000000000b003020]
Event: 15300.580 Thread 0x0000000024483800  407   !   3       jdk.internal.ref.PhantomCleanable::isListEmpty (34 bytes)
Event: 15300.581 Thread 0x0000000024483800 nmethod 407 0x000000000b003390 code [0x000000000b003560, 0x000000000b003918]
Event: 15300.581 Thread 0x0000000024483800  408       3       jdk.internal.misc.InnocuousThread::eraseThreadLocals (23 bytes)
Event: 15300.581 Thread 0x0000000024483800 nmethod 408 0x000000000b003a90 code [0x000000000b003c60, 0x000000000b003ed8]

GC Heap History (0 events):
No events

Deoptimization events (3 events):
Event: 0.356 Thread 0x00000000003ba000 Uncommon trap: reason=class_check action=maybe_recompile pc=0x00000000124adfd8 method=java.util.HashMap.putVal(ILjava/lang/Object;Ljava/lang/Object;ZZ)Ljava/lang/Object; @ 152 c2
Event: 0.372 Thread 0x00000000003ba000 Uncommon trap: reason=class_check action=maybe_recompile pc=0x00000000124adfd8 method=java.util.HashMap.putVal(ILjava/lang/Object;Ljava/lang/Object;ZZ)Ljava/lang/Object; @ 152 c2
Event: 0.373 Thread 0x00000000003ba000 Uncommon trap: reason=unstable_if action=reinterpret pc=0x00000000124ae0e0 method=java.util.HashMap.putVal(ILjava/lang/Object;Ljava/lang/Object;ZZ)Ljava/lang/Object; @ 181 c2

Classes redefined (10 events):
Event: 828.390 Thread 0x0000000024461800 redefined class name=baseball_game.BaseballGame, count=4
Event: 875.857 Thread 0x0000000024461800 redefined class name=baseball_game.BaseballGame, count=5
Event: 932.138 Thread 0x0000000024461800 redefined class name=baseball_game.BaseballGame, count=6
Event: 961.936 Thread 0x0000000024461800 redefined class name=baseball_game.BaseballGame, count=7
Event: 981.528 Thread 0x0000000024461800 redefined class name=baseball_game.BaseballGame, count=8
Event: 1023.329 Thread 0x0000000024461800 redefined class name=baseball_game.BaseballGame, count=9
Event: 1248.077 Thread 0x0000000024461800 redefined class name=baseball_game.BaseballGame, count=10
Event: 1580.788 Thread 0x0000000024461800 redefined class name=baseball_game.BaseballGame, count=11
Event: 1833.785 Thread 0x0000000024461800 redefined class name=baseball_game.BaseballGame, count=12
Event: 1863.862 Thread 0x0000000024461800 redefined class name=baseball_game.BaseballGame, count=13

Internal exceptions (0 events):
No events

Events (10 events):
Event: 1863.875 Executing VM operation: GetOwnedMonitorInfo done
Event: 1863.875 Executing VM operation: GetCurrentContendedMonitor
Event: 1863.875 Executing VM operation: GetCurrentContendedMonitor done
Event: 62791.993 Executing VM operation: GetFrameCount
Event: 62791.993 Executing VM operation: GetFrameCount done
Event: 62791.993 Executing VM operation: GetOwnedMonitorInfo
Event: 62791.993 Executing VM operation: GetOwnedMonitorInfo done
Event: 62791.993 Executing VM operation: GetCurrentContendedMonitor
Event: 62791.993 Executing VM operation: GetCurrentContendedMonitor done
Event: 62810.156 Executing VM operation: GetOrSetLocal


Dynamic libraries:
0x000000013f180000 - 0x000000013f18f000 	C:\Program Files\Java\jdk-12.0.1\bin\javaw.exe
0x0000000076f90000 - 0x000000007713a000 	C:\Windows\SYSTEM32\ntdll.dll
0x0000000076e70000 - 0x0000000076f8f000 	C:\Windows\system32\kernel32.dll
0x000007fefcef0000 - 0x000007fefcf5a000 	C:\Windows\system32\KERNELBASE.dll
0x000007fef5f60000 - 0x000007fef5f78000 	C:\Program Files\Java\jdk-12.0.1\bin\jli.dll
0x000007feff050000 - 0x000007feff12b000 	C:\Windows\system32\ADVAPI32.dll
0x000007fefe230000 - 0x000007fefe2cf000 	C:\Windows\system32\msvcrt.dll
0x000007fefec30000 - 0x000007fefec4f000 	C:\Windows\SYSTEM32\sechost.dll
0x000007fefe370000 - 0x000007fefe49d000 	C:\Windows\system32\RPCRT4.dll
0x000007fefb6d0000 - 0x000007fefb8c4000 	C:\Windows\WinSxS\amd64_microsoft.windows.common-controls_6595b64144ccf1df_6.0.7601.23403_none_e36ad4593102f066\COMCTL32.dll
0x000007fefe700000 - 0x000007fefe767000 	C:\Windows\system32\GDI32.dll
0x0000000076d70000 - 0x0000000076e6a000 	C:\Windows\system32\USER32.dll
0x000007fefed70000 - 0x000007fefed7e000 	C:\Windows\system32\LPK.dll
0x000007feff1d0000 - 0x000007feff29b000 	C:\Windows\system32\USP10.dll
0x000007fefe130000 - 0x000007fefe1a1000 	C:\Windows\system32\SHLWAPI.dll
0x000007fefbd60000 - 0x000007fefbd6c000 	C:\Windows\system32\VERSION.dll
0x000007fef0d80000 - 0x000007fef0d96000 	C:\Program Files\Java\jdk-12.0.1\bin\VCRUNTIME140.dll
0x000007fef6120000 - 0x000007fef6124000 	C:\Program Files\Java\jdk-12.0.1\bin\api-ms-win-crt-runtime-l1-1-0.dll
0x000007fed1d80000 - 0x000007fed1e76000 	C:\Program Files\Java\jdk-12.0.1\bin\ucrtbase.DLL
0x000007fef5fe0000 - 0x000007fef5fe3000 	C:\Program Files\Java\jdk-12.0.1\bin\api-ms-win-core-localization-l1-2-0.dll
0x000007fef3440000 - 0x000007fef3443000 	C:\Program Files\Java\jdk-12.0.1\bin\api-ms-win-core-processthreads-l1-1-1.dll
0x000007fee98d0000 - 0x000007fee98d3000 	C:\Program Files\Java\jdk-12.0.1\bin\api-ms-win-core-file-l1-2-0.dll
0x000007fee98c0000 - 0x000007fee98c3000 	C:\Program Files\Java\jdk-12.0.1\bin\api-ms-win-core-timezone-l1-1-0.dll
0x000007fee9860000 - 0x000007fee9863000 	C:\Program Files\Java\jdk-12.0.1\bin\api-ms-win-core-file-l2-1-0.dll
0x000007fee8b90000 - 0x000007fee8b93000 	C:\Program Files\Java\jdk-12.0.1\bin\api-ms-win-core-synch-l1-2-0.dll
0x000007fee8b80000 - 0x000007fee8b84000 	C:\Program Files\Java\jdk-12.0.1\bin\api-ms-win-crt-string-l1-1-0.dll
0x000007fee8b70000 - 0x000007fee8b73000 	C:\Program Files\Java\jdk-12.0.1\bin\api-ms-win-crt-heap-l1-1-0.dll
0x000007fee8b60000 - 0x000007fee8b64000 	C:\Program Files\Java\jdk-12.0.1\bin\api-ms-win-crt-stdio-l1-1-0.dll
0x000007fee8b50000 - 0x000007fee8b54000 	C:\Program Files\Java\jdk-12.0.1\bin\api-ms-win-crt-convert-l1-1-0.dll
0x000007fee8b40000 - 0x000007fee8b43000 	C:\Program Files\Java\jdk-12.0.1\bin\api-ms-win-crt-environment-l1-1-0.dll
0x000007fee8b30000 - 0x000007fee8b33000 	C:\Program Files\Java\jdk-12.0.1\bin\api-ms-win-crt-filesystem-l1-1-0.dll
0x000007fee8b20000 - 0x000007fee8b25000 	C:\Program Files\Java\jdk-12.0.1\bin\api-ms-win-crt-math-l1-1-0.dll
0x000007fee8b10000 - 0x000007fee8b13000 	C:\Program Files\Java\jdk-12.0.1\bin\api-ms-win-crt-locale-l1-1-0.dll
0x000007fefdf00000 - 0x000007fefdf2e000 	C:\Windows\system32\IMM32.DLL
0x000007fefec60000 - 0x000007fefed69000 	C:\Windows\system32\MSCTF.dll
0x000007fed23a0000 - 0x000007fed244a000 	C:\Program Files\Java\jdk-12.0.1\bin\msvcp140.dll
0x000007fee88e0000 - 0x000007fee88e5000 	C:\Program Files\Java\jdk-12.0.1\bin\api-ms-win-crt-multibyte-l1-1-0.dll
0x000007fee8770000 - 0x000007fee8773000 	C:\Program Files\Java\jdk-12.0.1\bin\api-ms-win-crt-time-l1-1-0.dll
0x000007fee8010000 - 0x000007fee8013000 	C:\Program Files\Java\jdk-12.0.1\bin\api-ms-win-crt-utility-l1-1-0.dll
0x000007fecfd30000 - 0x000007fed08a4000 	C:\Program Files\Java\jdk-12.0.1\bin\server\jvm.dll
0x000007fee6a50000 - 0x000007fee6a59000 	C:\Windows\system32\WSOCK32.dll
0x000007fefdeb0000 - 0x000007fefdefd000 	C:\Windows\system32\WS2_32.dll
0x000007fefec50000 - 0x000007fefec58000 	C:\Windows\system32\NSI.dll
0x000007fefabb0000 - 0x000007fefabeb000 	C:\Windows\system32\WINMM.dll
0x0000000077160000 - 0x0000000077167000 	C:\Windows\system32\PSAPI.DLL
0x000007fef5f40000 - 0x000007fef5f51000 	C:\Program Files\Java\jdk-12.0.1\bin\verify.dll
0x000007fef62e0000 - 0x000007fef6405000 	C:\Windows\system32\DBGHELP.DLL
0x000007fef4650000 - 0x000007fef4676000 	C:\Program Files\Java\jdk-12.0.1\bin\java.dll
0x000007fed8b30000 - 0x000007fed8b68000 	C:\Program Files\Java\jdk-12.0.1\bin\jdwp.dll
0x000007fee6940000 - 0x000007fee694e000 	C:\Program Files\Java\jdk-12.0.1\bin\instrument.dll
0x000007fef3b60000 - 0x000007fef3b77000 	C:\Program Files\Java\jdk-12.0.1\bin\zip.dll
0x000007fefa4c0000 - 0x000007fefa4ca000 	C:\Program Files\Java\jdk-12.0.1\bin\jimage.dll
0x000007fefd120000 - 0x000007fefdeaa000 	C:\Windows\system32\SHELL32.dll
0x000007fefdf30000 - 0x000007fefe12c000 	C:\Windows\system32\ole32.dll
0x000007fefcc90000 - 0x000007fefcc9f000 	C:\Windows\system32\profapi.dll
0x000007fee6930000 - 0x000007fee693a000 	C:\Program Files\Java\jdk-12.0.1\bin\dt_socket.dll
0x000007fefc450000 - 0x000007fefc4a5000 	C:\Windows\System32\mswsock.dll
0x000007fefc380000 - 0x000007fefc3db000 	C:\Windows\system32\DNSAPI.dll
0x000007fefa550000 - 0x000007fefa577000 	C:\Windows\system32\IPHLPAPI.DLL
0x000007fefa540000 - 0x000007fefa54b000 	C:\Windows\system32\WINNSI.DLL
0x000007fefa360000 - 0x000007fefa3b3000 	C:\Windows\System32\fwpuclnt.dll
0x000007fef4900000 - 0x000007fef4908000 	C:\Windows\system32\rasadhlp.dll
0x000007fefc440000 - 0x000007fefc447000 	C:\Windows\System32\wship6.dll
0x000007fefbe30000 - 0x000007fefbe37000 	C:\Windows\System32\wshtcpip.dll
0x000007fef3b40000 - 0x000007fef3b59000 	C:\Program Files\Java\jdk-12.0.1\bin\net.dll
0x000007fef7dc0000 - 0x000007fef7e31000 	C:\Windows\system32\WINHTTP.dll
0x000007fef7ba0000 - 0x000007fef7c05000 	C:\Windows\system32\webio.dll
0x000007fefeaa0000 - 0x000007fefec24000 	C:\Windows\system32\urlmon.dll
0x000007fefcf80000 - 0x000007fefcf84000 	C:\Windows\system32\api-ms-win-downlevel-ole32-l1-1-0.dll
0x000007fefcff0000 - 0x000007fefcff4000 	C:\Windows\system32\api-ms-win-downlevel-shlwapi-l1-1-0.dll
0x000007fefcf90000 - 0x000007fefcf95000 	C:\Windows\system32\api-ms-win-downlevel-advapi32-l1-1-0.dll
0x000007fefd020000 - 0x000007fefd024000 	C:\Windows\system32\api-ms-win-downlevel-user32-l1-1-0.dll
0x000007fefd030000 - 0x000007fefd034000 	C:\Windows\system32\api-ms-win-downlevel-version-l1-1-0.dll
0x000007fefcfa0000 - 0x000007fefcfa3000 	C:\Windows\system32\api-ms-win-downlevel-normaliz-l1-1-0.dll
0x0000000077150000 - 0x0000000077153000 	C:\Windows\system32\normaliz.DLL
0x000007fefed80000 - 0x000007feff04b000 	C:\Windows\system32\iertutil.dll
0x000007fefe770000 - 0x000007fefea91000 	C:\Windows\system32\WININET.dll
0x000007fefd000000 - 0x000007fefd01f000 	C:\Windows\system32\USERENV.dll
0x000007fef36a0000 - 0x000007fef36b3000 	C:\Program Files\Java\jdk-12.0.1\bin\nio.dll

dbghelp: loaded successfully - version: 4.0.5 - missing functions: none
symbol engine: initialized successfully - sym options: 0x614 - pdb path: .;C:\Program Files\Java\jdk-12.0.1\bin;C:\Windows\SYSTEM32;C:\Windows\WinSxS\amd64_microsoft.windows.common-controls_6595b64144ccf1df_6.0.7601.23403_none_e36ad4593102f066;C:\Program Files\Java\jdk-12.0.1\bin\server

VM Arguments:
jvm_args: -agentlib:jdwp=transport=dt_socket,suspend=y,address=localhost:49880 -javaagent:C:\Users\JSLHRD\eclipse\java-2019-09\eclipse\configuration\org.eclipse.osgi\229\0\.cp\lib\javaagent-shaded.jar -Dfile.encoding=MS949 
java_command: baseball_game.BaseballGame
java_class_path (initial): C:\Users\JSLHRD\java\baseball_game\bin
Launcher Type: SUN_STANDARD

[Global flags]
     intx CICompilerCount                          = 3                                         {product} {ergonomic}
     uint ConcGCThreads                            = 1                                         {product} {ergonomic}
     uint G1ConcRefinementThreads                  = 4                                         {product} {ergonomic}
   size_t G1HeapRegionSize                         = 1048576                                   {product} {ergonomic}
    uintx GCDrainStackTargetSize                   = 64                                        {product} {ergonomic}
   size_t InitialHeapSize                          = 197132288                                 {product} {ergonomic}
   size_t MarkStackSize                            = 4194304                                   {product} {ergonomic}
   size_t MaxHeapSize                              = 3143630848                                {product} {ergonomic}
   size_t MaxNewSize                               = 1885339648                                {product} {ergonomic}
   size_t MinHeapDeltaBytes                        = 1048576                                   {product} {ergonomic}
    uintx NonNMethodCodeHeapSize                   = 5830732                                {pd product} {ergonomic}
    uintx NonProfiledCodeHeapSize                  = 122913754                              {pd product} {ergonomic}
    uintx ProfiledCodeHeapSize                     = 122913754                              {pd product} {ergonomic}
    uintx ReservedCodeCacheSize                    = 251658240                              {pd product} {ergonomic}
     bool SegmentedCodeCache                       = true                                      {product} {ergonomic}
     bool UseCompressedClassPointers               = true                                 {lp64_product} {ergonomic}
     bool UseCompressedOops                        = true                                 {lp64_product} {ergonomic}
     bool UseG1GC                                  = true                                      {product} {ergonomic}
     bool UseLargePagesIndividualAllocation        = false                                  {pd product} {ergonomic}

Logging:
Log output configuration:
 #0: stdout all=warning uptime,level,tags
 #1: stderr all=off uptime,level,tags

Environment Variables:
PATH=C:/Program Files/Java/jdk-12.0.1/bin/server;C:/Program Files/Java/jdk-12.0.1/bin;C:\Program Files (x86)\Google\Chrome\Application;C:\Program Files\Microsoft MPI\Bin\;C:\Windows\system32;C:\Windows;C:\Windows\System32\Wbem;C:\Windows\System32\WindowsPowerShell\v1.0\;C:\Program Files\MySQL\MySQL Utilities 1.6\;C:\Program Files\dotnet\;C:\Program Files\Microsoft SQL Server\130\Tools\Binn\;;C:\Users\JSLHRD\AppData\Local\Programs\Microsoft VS Code\bin;C:\Program Files (x86)\ESTsoft\ALSee\x64;C:\Users\JSLHRD\Downloads;
USERNAME=JSLHRD
OS=Windows_NT
PROCESSOR_IDENTIFIER=Intel64 Family 6 Model 158 Stepping 9, GenuineIntel



---------------  S Y S T E M  ---------------

OS: Windows 7 , 64 bit Build 7601 (6.1.7601.23915)

CPU:total 4 (initial active 4) (2 cores per cpu, 2 threads per core) family 6 model 158 stepping 9, cmov, cx8, fxsr, mmx, sse, sse2, sse3, ssse3, sse4.1, sse4.2, popcnt, aes, clmul, erms, 3dnowpref, lzcnt, ht, tsc, tscinvbit

Memory: 4k page, system-wide physical 11986M (1275M free)
TotalPageFile size 23971M (AvailPageFile size 11735M)
current process WorkingSet (physical memory assigned to process): 43M, peak: 44M
current process commit charge ("private bytes"): 285M, peak: 287M

vm_info: Java HotSpot(TM) 64-Bit Server VM (12.0.1+12) for windows-amd64 JRE (12.0.1+12), built on Apr  2 2019 14:02:19 by "mach5one" with MS VC++ 15.5 (VS2017)

END.
